[00:28:06] [ServerMain/INFO]: [bootstrap] Running Java 21 (OpenJDK 64-Bit Server VM 21.0.6+7-Ubuntu-120.04.1; Ubuntu null) on Linux 6.5.0-1025-azure (amd64)
[00:28:06] [ServerMain/INFO]: [bootstrap] Loading Paper 1.21.1-57-master@b483da4 (2024-09-01T18:09:05Z) for Minecraft 1.21.1
[00:28:07] [ServerMain/INFO]: [PluginInitializerManager] Initializing plugins...
[00:28:09] [ServerMain/INFO]: [PluginInitializerManager] Initialized 7 plugins
[00:28:09] [ServerMain/INFO]: [PluginInitializerManager] Bukkit plugins (7):
 - Geyser-Spigot (2.6.0-SNAPSHOT), InstantRestock (2.4.6), SkinsRestorer (15.5.2), Timber (1.5.8), ViaBackwards (5.2.1), ViaVersion (5.2.1), floodgate (2.2.3-SNAPSHOT (b114-83fbd6e))
[00:28:21] [ServerMain/INFO]: Environment: Environment[sessionHost=https://sessionserver.mojang.com, servicesHost=https://api.minecraftservices.com, name=PROD]
[00:28:26] [ServerMain/INFO]: Loaded 1290 recipes
[00:28:26] [ServerMain/INFO]: Loaded 1399 advancements
[00:28:27] [Server thread/INFO]: Starting minecraft server version 1.21.1
[00:28:27] [Server thread/INFO]: Loading properties
[00:28:27] [Server thread/INFO]: This server is running Paper version 1.21.1-57-master@b483da4 (2024-09-01T18:09:05Z) (Implementing API version 1.21.1-R0.1-SNAPSHOT)
[00:28:29] [Server thread/INFO]: [spark] This server bundles the spark profiler. For more information please visit https://docs.papermc.io/paper/profiling
[00:28:29] [Server thread/INFO]: Server Ping Player Sample Count: 12
[00:28:29] [Server thread/INFO]: Using 4 threads for Netty based IO
[00:28:31] [Server thread/INFO]: [ChunkTaskScheduler] Chunk system is using 1 I/O threads, 1 worker threads, and population gen parallelism of 1 threads
[00:28:32] [Server thread/INFO]: Default game type: SURVIVAL
[00:28:32] [Server thread/INFO]: Generating keypair
[00:28:32] [Server thread/INFO]: Starting Minecraft server on *:25565
[00:28:33] [Server thread/INFO]: Using epoll channel type
[00:28:33] [Server thread/INFO]: Paper: Using libdeflate (Linux x86_64) compression from Velocity.
[00:28:33] [Server thread/INFO]: Paper: Using OpenSSL 1.1.x (Linux x86_64) cipher from Velocity.
[00:28:36] [Server thread/INFO]: [ViaVersion] Loading server plugin ViaVersion v5.2.1
[00:28:36] [Server thread/INFO]: [ViaVersion] ViaVersion 5.2.1 is now loaded. Registering protocol transformers and injecting...
[00:28:40] [Via-Mappingloader-0/INFO]: [ViaVersion] Loading block connection mappings ...
[00:28:41] [Via-Mappingloader-0/INFO]: [ViaVersion] Using FastUtil Long2ObjectOpenHashMap for block connections
[00:28:44] [Server thread/INFO]: [ViaBackwards] Loading translations...
[00:28:44] [Server thread/INFO]: [ViaBackwards] Registering protocols...
[00:28:47] [Server thread/INFO]: [floodgate] Loading server plugin floodgate v2.2.3-SNAPSHOT (b114-83fbd6e)
[00:28:51] [Server thread/WARN]: [floodgate] en_ is not a supported Floodgate language.
[00:28:52] [Server thread/INFO]: [floodgate] Took 4,708ms to boot Floodgate
[00:28:52] [Server thread/INFO]: [ViaBackwards] Loading server plugin ViaBackwards v5.2.1
[00:28:52] [Server thread/INFO]: [SkinsRestorer] Loading server plugin SkinsRestorer v15.5.2
[00:28:52] [Server thread/INFO]: [Timber] Loading server plugin Timber v1.5.8
[00:28:52] [Server thread/INFO]: [Geyser-Spigot] Loading server plugin Geyser-Spigot v2.6.0-SNAPSHOT
[00:28:55] [Server thread/INFO]: [Geyser-Spigot] Loading extensions...
[00:28:55] [Server thread/INFO]: [Geyser-Spigot] Loaded 0 extension(s)
[00:28:55] [Server thread/INFO]: [InstantRestock] Loading server plugin InstantRestock v2.4.6
[00:28:55] [Server thread/INFO]: Server permissions file permissions.yml is empty, ignoring it
[00:28:55] [Server thread/INFO]: [SkinsRestorer] Enabling SkinsRestorer v15.5.2
[00:28:59] [Server thread/INFO]: [SkinsRestorer] Running on Minecraft 1.21.1.
[00:28:59] [Server thread/INFO]: [SkinsRestorer] Floodgate skin listener registered
[00:29:01] [Server thread/INFO]: [SkinsRestorer] Using paper join listener!
[00:29:01] [Server thread/WARN]: **** SERVER IS RUNNING IN OFFLINE/INSECURE MODE!
[00:29:01] [Server thread/WARN]: The server will make no attempt to authenticate usernames. Beware.
[00:29:01] [Server thread/WARN]: While this makes the game possible to play without internet access, it also opens up the ability for hackers to connect with any username they choose.
[00:29:01] [Server thread/WARN]: To change this, set "online-mode" to "true" in the server.properties file.
[00:29:01] [Server thread/INFO]: Preparing level "world"
[00:29:02] [Folia Async Scheduler Thread #1/INFO]: [SkinsRestorer] ----------------------------------------------
[00:29:02] [Folia Async Scheduler Thread #1/INFO]: [SkinsRestorer]     +==================+
[00:29:02] [Folia Async Scheduler Thread #1/INFO]: [SkinsRestorer]     |   SkinsRestorer  |
[00:29:02] [Folia Async Scheduler Thread #1/INFO]: [SkinsRestorer]     |------------------|
[00:29:02] [Folia Async Scheduler Thread #1/INFO]: [SkinsRestorer]     |  Standalone Mode |
[00:29:02] [Folia Async Scheduler Thread #1/INFO]: [SkinsRestorer]     +==================+
[00:29:02] [Folia Async Scheduler Thread #1/INFO]: [SkinsRestorer] ----------------------------------------------
[00:29:02] [Folia Async Scheduler Thread #1/INFO]: [SkinsRestorer]     Version: 15.5.2
[00:29:02] [Folia Async Scheduler Thread #1/INFO]: [SkinsRestorer]     Commit: ae257f6
[00:29:02] [Folia Async Scheduler Thread #1/INFO]: [SkinsRestorer]     This is the latest version!
[00:29:02] [Folia Async Scheduler Thread #1/INFO]: [SkinsRestorer] ----------------------------------------------
[00:29:02] [Folia Async Scheduler Thread #1/INFO]: [SkinsRestorer] Do you have issues? Read our troubleshooting guide: https://skinsrestorer.net/docs/troubleshooting
[00:29:02] [Folia Async Scheduler Thread #1/INFO]: [SkinsRestorer] Want to support SkinsRestorer? Consider donating: https://skinsrestorer.net/donate
[00:29:03] [Server thread/INFO]: Preparing start region for dimension minecraft:overworld
[00:29:07] [Server thread/INFO]: Time elapsed: 4162 ms
[00:29:07] [Server thread/INFO]: Preparing start region for dimension minecraft:the_nether
[00:29:08] [Server thread/INFO]: Time elapsed: 677 ms
[00:29:08] [Server thread/INFO]: Preparing start region for dimension minecraft:the_end
[00:29:09] [Server thread/INFO]: Time elapsed: 780 ms
[00:29:09] [Server thread/INFO]: [ViaVersion] Enabling ViaVersion v5.2.1
[00:29:09] [Server thread/INFO]: [ViaVersion] ViaVersion detected server version: 1.21-1.21.1 (767)
[00:29:09] [Server thread/INFO]: [floodgate] Enabling floodgate v2.2.3-SNAPSHOT (b114-83fbd6e)
[00:29:11] [Server thread/INFO]: [ViaBackwards] Enabling ViaBackwards v5.2.1
[00:29:11] [Server thread/INFO]: [Timber] Enabling Timber v1.5.8
[00:29:12] [Server thread/INFO]: [Geyser-Spigot] Enabling Geyser-Spigot v2.6.0-SNAPSHOT
[00:29:14] [Server thread/INFO]: [InstantRestock] Enabling InstantRestock v2.4.6
[00:29:18] [Server thread/INFO]: [spark] Starting background profiler...
[00:29:20] [Server thread/INFO]: [Geyser-Spigot] ******************************************
[00:29:20] [Server thread/INFO]: [Geyser-Spigot] 
[00:29:20] [Server thread/INFO]: [Geyser-Spigot] Loading Geyser version 2.6.0-b756 (git-master-b96f915)
[00:29:20] [Server thread/INFO]: [Geyser-Spigot] 
[00:29:20] [Server thread/INFO]: [Geyser-Spigot] ******************************************
[00:29:35] [epollEventLoopGroup-3-1/INFO]: [Geyser-Spigot] Started Geyser on UDP port 19132
[00:29:35] [Server thread/INFO]: [Geyser-Spigot] Done (15.544s)! Run /geyser help for help!
[00:29:36] [Thread-16/INFO]: [Geyser-Spigot] There's a new Geyser update available to support Bedrock version 1.21.60. Download it here: https://geysermc.org/download
[00:29:36] [Server thread/INFO]: Done preparing level "world" (34.823s)
[00:29:36] [Server thread/INFO]: Running delayed init tasks
[00:29:36] [Server thread/INFO]: Done (92.945s)! For help, type "help"
[00:29:36] [Server thread/INFO]: Timings Reset
[00:29:36] [Craft Scheduler Thread - 5 - ViaVersion/INFO]: [ViaVersion] Finished mapping loading, shutting down loader executor.
[00:30:12] [User Authenticator #0/INFO]: UUID of player matiasauto123 is 31cd2b73-aba4-34f3-a51d-7166b446d443
[00:30:14] [Server thread/INFO]: matiasauto123 joined the game
[00:30:14] [Server thread/INFO]: matiasauto123[/172.23.48.113:59651] logged in with entity id 221 at ([world]21.544412635350312, 64.0, 45.257311577979884)
